0 info it worked if it ends with ok
1 verbose cli [
1 verbose cli   'C:\\Program Files\\nodejs\\node.exe',
1 verbose cli   'C:\\Program Files\\nodejs\\node_modules\\npm\\bin\\npm-cli.js',
1 verbose cli   'install',
1 verbose cli   '@react-native-gesture-handler'
1 verbose cli ]
2 info using npm@6.14.15
3 info using node@v14.17.6
4 verbose npm-session 32329612cea67eb4
5 silly install loadCurrentTree
6 silly install readLocalPackageData
7 timing stage:rollbackFailedOptional Completed in 1ms
8 timing stage:runTopLevelLifecycles Completed in 633ms
9 verbose stack Error: Invalid tag name "@react-native-gesture-handler": Tags may not have any characters that encodeURIComponent encodes.
9 verbose stack     at invalidTagName (C:\Program Files\nodejs\node_modules\npm\node_modules\npm-package-arg\npa.js:91:15)
9 verbose stack     at fromRegistry (C:\Program Files\nodejs\node_modules\npm\node_modules\npm-package-arg\npa.js:296:13)
9 verbose stack     at resolve (C:\Program Files\nodejs\node_modules\npm\node_modules\npm-package-arg\npa.js:81:12)
9 verbose stack     at npa (C:\Program Files\nodejs\node_modules\npm\node_modules\npm-package-arg\npa.js:52:10)
9 verbose stack     at C:\Program Files\nodejs\node_modules\npm\lib\install\deps.js:231:14
9 verbose stack     at C:\Program Files\nodejs\node_modules\npm\node_modules\slide\lib\async-map.js:52:35
9 verbose stack     at Array.forEach (<anonymous>)
9 verbose stack     at C:\Program Files\nodejs\node_modules\npm\node_modules\slide\lib\async-map.js:52:11
9 verbose stack     at Array.forEach (<anonymous>)
9 verbose stack     at asyncMap (C:\Program Files\nodejs\node_modules\npm\node_modules\slide\lib\async-map.js:51:8)
9 verbose stack     at exports.getAllMetadata (C:\Program Files\nodejs\node_modules\npm\lib\install\deps.js:228:3)
9 verbose stack     at Installer.loadArgMetadata (C:\Program Files\nodejs\node_modules\npm\lib\install.js:366:3)
9 verbose stack     at C:\Program Files\nodejs\node_modules\npm\lib\install.js:704:16
9 verbose stack     at C:\Program Files\nodejs\node_modules\npm\lib\install\read-shrinkwrap.js:33:16
9 verbose stack     at tryCatcher (C:\Program Files\nodejs\node_modules\npm\node_modules\bluebird\js\release\util.js:16:23)
9 verbose stack     at Promise._settlePromiseFromHandler (C:\Program Files\nodejs\node_modules\npm\node_modules\bluebird\js\release\promise.js:517:31)
10 verbose cwd C:\WebDev_Batch04\Assignments\FoodExpress
11 verbose Windows_NT 10.0.19042
12 verbose argv "C:\\Program Files\\nodejs\\node.exe" "C:\\Program Files\\nodejs\\node_modules\\npm\\bin\\npm-cli.js" "install" "@react-native-gesture-handler"
13 verbose node v14.17.6
14 verbose npm  v6.14.15
15 error code EINVALIDTAGNAME
16 error Invalid tag name "@react-native-gesture-handler": Tags may not have any characters that encodeURIComponent encodes.
17 verbose exit [ 1, true ]
